<?xml version="1.0" encoding="UTF-8"?>
<!-- Generated by org.testng.reporters.JUnitReportReporter -->
<testsuite hostname="LAPTOP-86AVLDTA" failures="0" tests="1" name="Basic1.ReadDataPropertyTest" time="14.757" errors="0" timestamp="2023-12-05T12:31:45 IST" skipped="0">
  <testcase classname="Basic1.ReadDataPropertyTest" name="vtigercrmPropertyTest" time="14.757"/>
</testsuite> <!-- Basic1.ReadDataPropertyTest -->
