<?xml version="1.0" encoding="UTF-8"?>
<!-- Generated by org.testng.reporters.JUnitReportReporter -->
<testsuite hostname="LAPTOP-86AVLDTA" failures="0" tests="3" name="Basic1.Execution1" time="73.700" errors="0" timestamp="2023-12-04T10:52:39 IST" skipped="0">
  <testcase classname="Basic1.Execution1" name="Swiggy" time="32.707"/>
  <testcase classname="Basic1.Execution1" name="Zomato" time="10.837"/>
  <testcase classname="Basic1.Execution1" name="Facebook" time="30.156"/>
</testsuite> <!-- Basic1.Execution1 -->
