<?xml version="1.0" encoding="UTF-8"?>
<!-- Generated by org.testng.reporters.JUnitReportReporter -->
<testsuite hostname="LAPTOP-86AVLDTA" failures="0" tests="1" name="Basic1.DemoTest1" time="26.571" errors="0" timestamp="2023-12-06T12:45:28 IST" skipped="0">
  <testcase classname="Basic1.DemoTest1" name="FacebookTest" time="26.571"/>
</testsuite> <!-- Basic1.DemoTest1 -->
